<?xml version="1.0" encoding="UTF-8"?>
<!-- Generated by org.testng.reporters.JUnitReportReporter -->
<testsuite hostname="LENOVO" failures="0" tests="1" name="testcases.HTMLElements" time="26.561" errors="0" timestamp="2022-02-05T17:11:57 IST" skipped="0">
  <testcase classname="testcases.HTMLElements" name="runTest" time="26.561"/>
  <system-out/>
</testsuite> <!-- testcases.HTMLElements -->
